BroadcastTest/app/build/intermediates/manifest_merge_blame_file/debug/manifest-merger-blame-debug-report.txt
1<?xml version="1.0" encoding="utf-8"?>
2<manifest xmlns:android="http://schemas.android.com/apk/res/android"
3    package="com.example.broadcasttest"
4    android:versionCode="1"
5    android:versionName="1.0" >
6
7    <uses-sdk
8        android:minSdkVersion="21"
8-->src\main\AndroidManifest.xml
9        android:targetSdkVersion="32" />
9-->src\main\AndroidManifest.xml
10
11    <uses-permission android:name="android.permission.RECEIVE_BOOT_COMPLETED" />
11-->src\main\AndroidManifest.xml:5:5-81
11-->src\main\AndroidManifest.xml:5:22-78
12
13    <application
13-->src\main\AndroidManifest.xml:7:5-48:19
14        android:allowBackup="true"
14-->src\main\AndroidManifest.xml:8:9-35
15        android:appComponentFactory="androidx.core.app.CoreComponentFactory"
15-->[androidx.core:core:1.7.0] AndroidManifest.xml:24:18-86
16        android:debuggable="true"
17        android:icon="@mipmap/ic_launcher"
17-->src\main\AndroidManifest.xml:9:9-43
18        android:label="@string/app_name"
18-->src\main\AndroidManifest.xml:10:9-41
19        android:roundIcon="@mipmap/ic_launcher_round"
19-->src\main\AndroidManifest.xml:11:9-54
20        android:supportsRtl="true"
20-->src\main\AndroidManifest.xml:12:9-35
21        android:testOnly="true"
22        android:theme="@style/Theme.BroadcastTest" >
22-->src\main\AndroidManifest.xml:13:9-51
23        <receiver
23-->src\main\AndroidManifest.xml:14:9-21:20
24            android:name="com.example.broadcasttest.AnotherBroadcastReceiver"
24-->src\main\AndroidManifest.xml:15:13-53
25            android:enabled="true"
25-->src\main\AndroidManifest.xml:16:13-35
26            android:exported="true" >
26-->src\main\AndroidManifest.xml:17:13-36
27            <intent-filter>
27-->src\main\AndroidManifest.xml:18:13-20:29
28                <action android:name="com.example.broadcasttest.MY_BROADCAST" />
28-->src\main\AndroidManifest.xml:19:17-81
28-->src\main\AndroidManifest.xml:19:25-78
29            </intent-filter>
30        </receiver>
31        <receiver
31-->src\main\AndroidManifest.xml:22:9-29:20
32            android:name="com.example.broadcasttest.MyBroadcastReceiver"
32-->src\main\AndroidManifest.xml:23:13-48
33            android:enabled="true"
33-->src\main\AndroidManifest.xml:24:13-35
34            android:exported="true" >
34-->src\main\AndroidManifest.xml:25:13-36
35            <intent-filter android:priority="100" >
35-->src\main\AndroidManifest.xml:18:13-20:29
35-->src\main\AndroidManifest.xml:26:28-50
36                <action android:name="com.example.broadcasttest.MY_BROADCAST" />
36-->src\main\AndroidManifest.xml:19:17-81
36-->src\main\AndroidManifest.xml:19:25-78
37            </intent-filter>
38        </receiver> <!-- 这里是自动注册的静态广播 -->
39        <receiver
39-->src\main\AndroidManifest.xml:30:9-37:20
40            android:name="com.example.broadcasttest.BootCompleteReceiver"
40-->src\main\AndroidManifest.xml:31:13-49
41            android:enabled="true"
41-->src\main\AndroidManifest.xml:32:13-35
42            android:exported="true" >
42-->src\main\AndroidManifest.xml:33:13-36
43            <intent-filter>
43-->src\main\AndroidManifest.xml:34:13-36:29
44                <action android:name="android.intent.action.BOOT_COMPLETED" />
44-->src\main\AndroidManifest.xml:35:17-79
44-->src\main\AndroidManifest.xml:35:25-76
45            </intent-filter>
46        </receiver>
47
48        <activity
48-->src\main\AndroidManifest.xml:39:9-47:20
49            android:name="com.example.broadcasttest.MainActivity"
49-->src\main\AndroidManifest.xml:40:13-41
50            android:exported="true" >
50-->src\main\AndroidManifest.xml:41:13-36
51            <intent-filter>
51-->src\main\AndroidManifest.xml:42:13-46:29
52                <action android:name="android.intent.action.MAIN" />
52-->src\main\AndroidManifest.xml:43:17-69
52-->src\main\AndroidManifest.xml:43:25-66
53
54                <category android:name="android.intent.category.LAUNCHER" />
54-->src\main\AndroidManifest.xml:45:17-77
54-->src\main\AndroidManifest.xml:45:27-74
55            </intent-filter>
56        </activity>
57    </application>
58
59</manifest>